proguard/seeds.txt
com.geekjamboree.noteit.AsyncInvokeURLTask$RequestMethod: com.geekjamboree.noteit.AsyncInvokeURLTask$RequestMethod[] values()
com.geekjamboree.noteit.AsyncInvokeURLTask$RequestMethod: com.geekjamboree.noteit.AsyncInvokeURLTask$RequestMethod valueOf(java.lang.String)
com.geekjamboree.noteit.CategoryListActivity
com.geekjamboree.noteit.CategoryListActivity: CategoryListActivity()
com.geekjamboree.noteit.CategoryListView
com.geekjamboree.noteit.CategoryListView: CategoryListView(android.content.Context,android.util.AttributeSet,int)
com.geekjamboree.noteit.CategoryListView: CategoryListView(android.content.Context,android.util.AttributeSet)
com.geekjamboree.noteit.CategoryListView: CategoryListView(android.content.Context)
com.geekjamboree.noteit.DashBoardActivity
com.geekjamboree.noteit.DashBoardActivity: DashBoardActivity()
com.geekjamboree.noteit.DragDropListView
com.geekjamboree.noteit.DragDropListView: DragDropListView(android.content.Context)
com.geekjamboree.noteit.DragDropListView: DragDropListView(android.content.Context,android.util.AttributeSet)
com.geekjamboree.noteit.DragDropListView: DragDropListView(android.content.Context,android.util.AttributeSet,int)
com.geekjamboree.noteit.ExpandableLVRightIndicator
com.geekjamboree.noteit.ExpandableLVRightIndicator: ExpandableLVRightIndicator(android.content.Context)
com.geekjamboree.noteit.ExpandableLVRightIndicator: ExpandableLVRightIndicator(android.content.Context,android.util.AttributeSet)
com.geekjamboree.noteit.ExpandableLVRightIndicator: ExpandableLVRightIndicator(android.content.Context,android.util.AttributeSet,int)
com.geekjamboree.noteit.ItemListActivity
com.geekjamboree.noteit.ItemListActivity: ItemListActivity()
com.geekjamboree.noteit.ItemListActivity$ItemType: com.geekjamboree.noteit.ItemListActivity$ItemType[] values()
com.geekjamboree.noteit.ItemListActivity$ItemType: com.geekjamboree.noteit.ItemListActivity$ItemType valueOf(java.lang.String)
com.geekjamboree.noteit.ItemListActivity$ProductSearchMethod: com.geekjamboree.noteit.ItemListActivity$ProductSearchMethod[] values()
com.geekjamboree.noteit.ItemListActivity$ProductSearchMethod: com.geekjamboree.noteit.ItemListActivity$ProductSearchMethod valueOf(java.lang.String)
com.geekjamboree.noteit.LoginActivity
com.geekjamboree.noteit.LoginActivity: LoginActivity()
com.geekjamboree.noteit.MainPreferenceActivity
com.geekjamboree.noteit.MainPreferenceActivity: MainPreferenceActivity()
com.geekjamboree.noteit.NIPreferenceCategory
com.geekjamboree.noteit.NIPreferenceCategory: NIPreferenceCategory(android.content.Context)
com.geekjamboree.noteit.NIPreferenceCategory: NIPreferenceCategory(android.content.Context,android.util.AttributeSet)
com.geekjamboree.noteit.NIPreferenceCategory: NIPreferenceCategory(android.content.Context,android.util.AttributeSet,int)
com.geekjamboree.noteit.NoteItApplication
com.geekjamboree.noteit.NoteItApplication: NoteItApplication()
com.geekjamboree.noteit.NumberPicker
com.geekjamboree.noteit.NumberPicker: NumberPicker(android.content.Context,android.util.AttributeSet)
com.geekjamboree.noteit.NumberPicker: NumberPicker(android.content.Context,android.util.AttributeSet,int)
com.geekjamboree.noteit.NumberPickerButton
com.geekjamboree.noteit.NumberPickerButton: NumberPickerButton(android.content.Context,android.util.AttributeSet,int)
com.geekjamboree.noteit.NumberPickerButton: NumberPickerButton(android.content.Context,android.util.AttributeSet)
com.geekjamboree.noteit.NumberPickerButton: NumberPickerButton(android.content.Context)
com.geekjamboree.noteit.RegisterActivity
com.geekjamboree.noteit.RegisterActivity: RegisterActivity()
com.geekjamboree.noteit.ReportActivity
com.geekjamboree.noteit.ReportActivity: ReportActivity()
com.geekjamboree.noteit.ReportCategoryChart
com.geekjamboree.noteit.ReportCategoryChart: ReportCategoryChart()
com.geekjamboree.noteit.ReportMenuActivity
com.geekjamboree.noteit.ReportMenuActivity: ReportMenuActivity()
...
com.google.ads.AdActivity
com.google.ads.AdActivity: AdActivity()
com.google.ads.AdActivity: void onClick(android.view.View)
com.google.ads.AdRequest$ErrorCode: com.google.ads.AdRequest$ErrorCode[] values()
com.google.ads.AdRequest$ErrorCode: com.google.ads.AdRequest$ErrorCode valueOf(java.lang.String)
com.google.ads.AdRequest$Gender: com.google.ads.AdRequest$Gender[] values()
com.google.ads.AdRequest$Gender: com.google.ads.AdRequest$Gender valueOf(java.lang.String)
com.google.ads.AdView
com.google.ads.AdView: AdView(android.app.Activity,com.google.ads.AdSize,java.lang.String)
com.google.ads.AdView: AdView(android.content.Context,android.util.AttributeSet)
com.google.ads.AdView: AdView(android.content.Context,android.util.AttributeSet,int)
com.google.ads.ag$b: com.google.ads.ag$b[] values()
com.google.ads.ag$b: com.google.ads.ag$b valueOf(java.lang.String)
com.google.ads.searchads.SearchAdRequest$BorderType: com.google.ads.searchads.SearchAdRequest$BorderType[] values()
com.google.ads.searchads.SearchAdRequest$BorderType: com.google.ads.searchads.SearchAdRequest$BorderType valueOf(java.lang.String)
com.google.ads.util.AdUtil$UserActivityReceiver
com.google.ads.util.AdUtil$a: com.google.ads.util.AdUtil$a[] values()
com.google.ads.util.AdUtil$a: com.google.ads.util.AdUtil$a valueOf(java.lang.String)
com.google.ads.util.b$a: com.google.ads.util.b$a[] values()
com.google.ads.util.b$a: com.google.ads.util.b$a valueOf(java.lang.String)
org.achartengine.GraphicalActivity
org.achartengine.chart.BarChart$Type: org.achartengine.chart.BarChart$Type[] values()
org.achartengine.chart.BarChart$Type: org.achartengine.chart.BarChart$Type valueOf(java.lang.String)
org.achartengine.chart.PointStyle: org.achartengine.chart.PointStyle[] values()
org.achartengine.chart.PointStyle: org.achartengine.chart.PointStyle valueOf(java.lang.String)
org.achartengine.renderer.DialRenderer$Type: org.achartengine.renderer.DialRenderer$Type[] values()
org.achartengine.renderer.DialRenderer$Type: org.achartengine.renderer.DialRenderer$Type valueOf(java.lang.String)
org.achartengine.renderer.XYMultipleSeriesRenderer$Orientation: org.achartengine.renderer.XYMultipleSeriesRenderer$Orientation[] values()
org.achartengine.renderer.XYMultipleSeriesRenderer$Orientation: org.achartengine.renderer.XYMultipleSeriesRenderer$Orientation valueOf(java.lang.String)