proguard/mapping.txt
com.geekjamboree.noteit.ActionItem -> com.geekjamboree.noteit.a:
    android.graphics.drawable.Drawable icon -> a
    java.lang.String title -> b
    int actionId -> c
    boolean sticky -> d
    java.lang.String getTitle() -> a
    android.graphics.drawable.Drawable getIcon() -> b
    int getActionId() -> c
    boolean isSticky() -> d
com.geekjamboree.noteit.AddEditItemDialog -> com.geekjamboree.noteit.b:
    com.geekjamboree.noteit.NoteItApplication mApplication -> a
    com.geekjamboree.noteit.AddEditItemDialog$baseListener mListener -> b
    boolean mIsAddItem -> c
    int mIgnoreAutoComplete -> d
    long mItemID -> e
    com.geekjamboree.noteit.NoteItApplication$Item mOriginalItem -> f
    com.geekjamboree.noteit.AddEditItemDialog$navigateItemsListener mNavigationListener -> g
    android.widget.ArrayAdapter mAutoCompleteAdapter -> h
    android.widget.EditText mEditName -> i
    android.widget.EditText mEditQuantity -> j
    android.widget.EditText mEditCost -> k
    android.widget.TextView mTextTotal -> l
    android.widget.Spinner mSpinCategories -> m
    android.widget.Spinner mSpinUnits -> n
    android.widget.CheckBox mAskLater -> o
    android.view.View mContentView -> p
    android.widget.AdapterView$OnItemClickListener mItemClickListener -> q
    android.view.View$OnKeyListener mOnKeyListener -> r
    void setItemID(long) -> a
    void setItem(com.geekjamboree.noteit.NoteItApplication$Item) -> a
    void onCreate(android.os.Bundle) -> onCreate
    void saveItem() -> a
    void populateView(com.geekjamboree.noteit.NoteItApplication$Item,int) -> a
    void doFetchAndDisplayItem(long) -> b
    void clearDialogFields() -> b
    void doUpdateTotal() -> c
com.geekjamboree.noteit.AddEditItemDialog$1 -> com.geekjamboree.noteit.c:
    com.geekjamboree.noteit.AddEditItemDialog this$0 -> a
    void onItemClick(android.widget.AdapterView,android.view.View,int,long) -> onItemClick
    com.geekjamboree.noteit.AddEditItemDialog access$0(com.geekjamboree.noteit.AddEditItemDialog$1) -> a
com.geekjamboree.noteit.AddEditItemDialog$1$1 -> com.geekjamboree.noteit.d:
    com.geekjamboree.noteit.AddEditItemDialog$1 this$1 -> a
    void onPostExecute$1712e425(long,java.util.ArrayList) -> a
com.geekjamboree.noteit.AddEditItemDialog$10 -> com.geekjamboree.noteit.e:
    com.geekjamboree.noteit.AddEditItemDialog this$0 -> a
    void onClick(android.view.View) -> onClick
com.geekjamboree.noteit.AddEditItemDialog$11 -> com.geekjamboree.noteit.f:
    com.geekjamboree.noteit.AddEditItemDialog this$0 -> a
    void onItemSelected(android.widget.AdapterView,android.view.View,int,long) -> onItemSelected
    void onNothingSelected(android.widget.AdapterView) -> onNothingSelected
com.geekjamboree.noteit.AddEditItemDialog$12 -> com.geekjamboree.noteit.g:
    com.geekjamboree.noteit.AddEditItemDialog this$0 -> a
    void onPostExecute(long,com.geekjamboree.noteit.NoteItApplication$Item,java.lang.String) -> a
com.geekjamboree.noteit.AddEditItemDialog$2 -> com.geekjamboree.noteit.h:
    com.geekjamboree.noteit.AddEditItemDialog this$0 -> a
    boolean onKey(android.view.View,int,android.view.KeyEvent) -> onKey
    com.geekjamboree.noteit.AddEditItemDialog access$0(com.geekjamboree.noteit.AddEditItemDialog$2) -> a
com.geekjamboree.noteit.AddEditItemDialog$2$1 -> com.geekjamboree.noteit.i:
    com.geekjamboree.noteit.AddEditItemDialog$2 this$1 -> a
    void onPostExecute$1712e425(long,java.util.ArrayList) -> a
com.geekjamboree.noteit.AddEditItemDialog$3 -> com.geekjamboree.noteit.j:
    com.geekjamboree.noteit.AddEditItemDialog this$0 -> a
    android.widget.ImageButton val$askLater -> b
    void onClick(android.view.View) -> onClick
com.geekjamboree.noteit.AddEditItemDialog$4 -> com.geekjamboree.noteit.k:
    com.geekjamboree.noteit.AddEditItemDialog this$0 -> a
    boolean onKey(android.view.View,int,android.view.KeyEvent) -> onKey
...
com.google.ads.internal.f -> com.google.ads.a.s:
    com.google.ads.internal.c a -> a
    com.google.ads.internal.d b -> b
    com.google.ads.internal.f$a c -> c
    boolean d -> d
    boolean e -> e
    java.lang.String f -> f
    java.lang.Thread g -> g
    void a() -> a
    void a(java.net.HttpURLConnection) -> a
    void a(boolean) -> a
    void a(java.lang.String) -> a
    void run() -> run
com.google.ads.internal.f$1 -> com.google.ads.a.t:
    java.net.HttpURLConnection a(java.net.URL) -> a
com.google.ads.internal.f$a -> com.google.ads.a.u:
    java.net.HttpURLConnection a(java.net.URL) -> a
com.google.ads.internal.g -> com.google.ads.a.v:
    java.util.LinkedList b -> b
    long c -> c
    long d -> d
    java.util.LinkedList e -> e
    long f -> f
    java.lang.String g -> g
    long h -> h
    boolean i -> i
    boolean j -> j
    java.lang.String a -> a
    void a() -> a
    void b() -> b
    void c() -> c
    void d() -> d
    long e() -> e
    java.lang.String f() -> f
    java.lang.String g() -> g
    long h() -> h
    long i() -> i
    java.lang.String j() -> j
    void a(java.lang.String) -> a
    boolean k() -> k
    void l() -> l
    boolean m() -> m
    void n() -> n
    void o() -> o
    java.lang.String p() -> p
    void b(java.lang.String) -> b
    long q() -> q
com.google.ads.internal.h -> com.google.ads.a.w:
    com.google.ads.AdSize b -> b
    boolean c -> c
    com.google.ads.internal.h a -> a
    com.google.ads.internal.h a(com.google.ads.AdSize,android.content.Context) -> a
    com.google.ads.internal.h a(com.google.ads.AdSize) -> a
    boolean a() -> a
    com.google.ads.AdSize b() -> b
com.google.ads.internal.i -> com.google.ads.a.x:
    com.google.ads.internal.a c -> c
    com.google.ads.internal.d a -> a
    java.util.Map d -> d
    boolean b -> b
    boolean e -> e
    boolean f -> f
    boolean g -> g
    boolean h -> h
    com.google.ads.internal.i a(com.google.ads.internal.d,java.util.Map,boolean,boolean) -> a
    boolean shouldOverrideUrlLoading(android.webkit.WebView,java.lang.String) -> shouldOverrideUrlLoading
    void onPageFinished(android.webkit.WebView,java.lang.String) -> onPageFinished
    void a$1385ff() -> a
    void b$1385ff() -> b
    void c$1385ff() -> c
    void d$1385ff() -> d
com.google.ads.internal.j -> com.google.ads.a.y:
    byte[] a -> a
    android.view.ViewGroup a(android.app.Activity,com.google.ads.internal.d) -> a
com.google.ads.internal.j$a -> com.google.ads.a.z:
    android.gesture.GestureStore a -> a
    android.app.Activity b -> b
    com.google.ads.internal.d c -> c
    void onGesturePerformed(android.gesture.GestureOverlayView,android.gesture.Gesture) -> onGesturePerformed
    android.app.Activity a(com.google.ads.internal.j$a) -> a
com.google.ads.internal.j$a$1 -> com.google.ads.a.aa:
    com.google.ads.internal.j$a a -> a
    void onClick(android.content.DialogInterface,int) -> onClick
com.google.ads.internal.j$a$2 -> com.google.ads.a.ab:
    java.lang.String a -> a
    com.google.ads.internal.j$a b -> b
    void onClick(android.content.DialogInterface,int) -> onClick
com.google.ads.j -> com.google.ads.ai:
    com.google.ads.h a -> a
com.google.ads.k -> com.google.ads.aj:
    com.google.ads.h a -> a
com.google.ads.l -> com.google.ads.ak:
    com.google.ads.l b -> b
    com.google.ads.util.i$b a -> a
    com.google.ads.l a() -> a
com.google.ads.l$a -> com.google.ads.al:
    com.google.ads.util.i$c a -> a
    com.google.ads.util.i$c b -> b
    com.google.ads.util.i$c c -> c
    com.google.ads.util.i$c d -> d
    com.google.ads.util.i$c e -> e
    com.google.ads.util.i$c f -> f
    com.google.ads.util.i$c g -> g
    com.google.ads.util.i$c h -> h
    com.google.ads.util.i$c i -> i
    com.google.ads.util.i$c j -> j
    com.google.ads.util.i$c k -> k
    com.google.ads.util.i$c l -> l