proguard/usage.txt
com.geekjamboree.noteit.ActionItem:
    private android.graphics.Bitmap thumb
    private boolean selected
    50:51:public ActionItem(int,java.lang.String)
    59:60:public ActionItem(android.graphics.drawable.Drawable)
    69:70:public ActionItem(int,android.graphics.drawable.Drawable)
    78:79:public void setTitle(java.lang.String)
    96:97:public void setIcon(android.graphics.drawable.Drawable)
    113:114:public void setActionId(int)
    129:130:public void setSticky(boolean)
    145:146:public void setSelected(boolean)
    154:154:public boolean isSelected()
    163:164:public void setThumb(android.graphics.Bitmap)
    172:172:public android.graphics.Bitmap getThumb()
com.geekjamboree.noteit.AddEditItemDialog:
    static final int UNITS_GENERIC
    static final int UNITS_METRIC
    static final int UNITS_IMPERIAL
    android.widget.AutoCompleteTextView mItemName
    414:414:public void initDialog()
com.geekjamboree.noteit.AddEditItemDialog$DialogFieldException:
    private static final long serialVersionUID
    172:173:AddEditItemDialog$DialogFieldException(com.geekjamboree.noteit.AddEditItemDialog)
com.geekjamboree.noteit.BuildConfig
com.geekjamboree.noteit.CategoryListActivity:
    static final int QA_ID_EDIT
    static final int QA_ID_DELETE
    static final int QA_ID_BOUGHT
    static final java.lang.String SELECTED_CATEGORY
com.geekjamboree.noteit.Eula:
    private static final java.lang.String ASSET_EULA
    private static final java.lang.String PREFERENCE_EULA_ACCEPTED
    private static final java.lang.String PREFERENCES_EULA
    36:36:Eula()
com.geekjamboree.noteit.IntentIntegrator:
    public static final int REQUEST_CODE
    public static final java.lang.String DEFAULT_TITLE
    public static final java.lang.String DEFAULT_MESSAGE
    public static final java.lang.String DEFAULT_YES
    public static final java.lang.String DEFAULT_NO
    private static final java.lang.String BS_PACKAGE
    143:143:public java.lang.String getTitle()
    147:148:public void setTitle(java.lang.String)
    151:152:public void setTitleByID(int)
    155:155:public java.lang.String getMessage()
    159:160:public void setMessage(java.lang.String)
    163:164:public void setMessageByID(int)
    167:167:public java.lang.String getButtonYes()
    171:172:public void setButtonYes(java.lang.String)
    175:176:public void setButtonYesByID(int)
    179:179:public java.lang.String getButtonNo()
    183:184:public void setButtonNo(java.lang.String)
    187:188:public void setButtonNoByID(int)
    191:191:public java.util.Collection getTargetApplications()
    195:196:public void setTargetApplications(java.util.Collection)
    199:200:public void setSingleTargetApplication(java.lang.String)
    319:333:public void shareText(java.lang.CharSequence)
com.geekjamboree.noteit.IntentResult:
    66:66:public byte[] getRawBytes()
    73:73:public java.lang.Integer getOrientation()
    80:80:public java.lang.String getErrorCorrectionLevel()
com.geekjamboree.noteit.ItemListActivity:
    static final int ADD_ITEM_REQUEST
    static final int QA_ID_EDIT
    static final int QA_ID_DELETE
    static final int QA_ID_BOUGHT
    static final int QA_ID_COPY
    static final int QA_ID_MOVE
    static final int QA_EXPAND
    static final int QA_COLLAPSE
    static final int QA_ID_LIKE
    static final int ITEM_FONT_LARGE
    static final int ITEM_FONT_MEDIUM
    static final int ITEM_FONT_SMALL
    static final int DIALOG_ADD_ITEM
    static final int DIALOG_EDIT_ITEM
    static final java.lang.String SELECTED_GROUP
    static final java.lang.String SELECTED_CHILD
    static final java.lang.String SELECTED_ITEM_ID
    static final java.lang.String IS_ITEMLIST_FETCHED
    951:951:protected void setUpQuickActions()
    1335:1362:void doDislikeItem()
    2293:2293:public void onSensorChanged(int,float[])
    2296:2296:public void onAccuracyChanged(int,int)
com.geekjamboree.noteit.ItemListActivity$18
...
com.google.ads.mediation.EmptyNetworkExtras
com.google.ads.mediation.MediationAdRequest:
    50:50:public com.google.ads.AdRequest$Gender getGender()
    57:57:public java.util.Date getBirthday()
    67:81:public java.lang.Integer getAgeInYears()
    88:92:public java.util.Set getKeywords()
    100:104:public android.location.Location getLocation()
    114:114:public boolean isTesting()
com.google.ads.mediation.MediationBannerAdapter:
    public abstract android.view.View getBannerView()
com.google.ads.mediation.MediationBannerListener:
    public abstract void onReceivedAd(com.google.ads.mediation.MediationBannerAdapter)
    public abstract void onFailedToReceiveAd(com.google.ads.mediation.MediationBannerAdapter,com.google.ads.AdRequest$ErrorCode)
    public abstract void onPresentScreen(com.google.ads.mediation.MediationBannerAdapter)
    public abstract void onDismissScreen(com.google.ads.mediation.MediationBannerAdapter)
    public abstract void onLeaveApplication(com.google.ads.mediation.MediationBannerAdapter)
    public abstract void onClick(com.google.ads.mediation.MediationBannerAdapter)
com.google.ads.mediation.MediationInterstitialAdapter:
    public abstract void showInterstitial()
com.google.ads.mediation.MediationInterstitialListener:
    public abstract void onReceivedAd(com.google.ads.mediation.MediationInterstitialAdapter)
    public abstract void onFailedToReceiveAd(com.google.ads.mediation.MediationInterstitialAdapter,com.google.ads.AdRequest$ErrorCode)
    public abstract void onPresentScreen(com.google.ads.mediation.MediationInterstitialAdapter)
    public abstract void onDismissScreen(com.google.ads.mediation.MediationInterstitialAdapter)
    public abstract void onLeaveApplication(com.google.ads.mediation.MediationInterstitialAdapter)
com.google.ads.mediation.admob.AdMobAdapter
com.google.ads.mediation.admob.AdMobAdapter$1
com.google.ads.mediation.admob.AdMobAdapter$a
com.google.ads.mediation.admob.AdMobAdapter$b
com.google.ads.mediation.admob.AdMobAdapterExtras:
    29:36:public AdMobAdapterExtras(com.google.ads.mediation.admob.AdMobAdapterExtras)
    49:50:public com.google.ads.mediation.admob.AdMobAdapterExtras setPlusOneOptOut(boolean)
    75:76:public com.google.ads.mediation.admob.AdMobAdapterExtras setUseExactAdSize(boolean)
    85:85:public boolean getUseExactAdSize()
    108:112:public com.google.ads.mediation.admob.AdMobAdapterExtras setExtras(java.util.Map)
    134:135:public com.google.ads.mediation.admob.AdMobAdapterExtras addExtra(java.lang.String,java.lang.Object)
com.google.ads.mediation.admob.AdMobAdapterServerParameters
com.google.ads.mediation.customevent.CustomEventAdapter
com.google.ads.mediation.customevent.CustomEventAdapter$a
com.google.ads.mediation.customevent.CustomEventAdapter$b
com.google.ads.mediation.customevent.CustomEventBanner
com.google.ads.mediation.customevent.CustomEventBannerListener
com.google.ads.mediation.customevent.CustomEventInterstitial
com.google.ads.mediation.customevent.CustomEventInterstitialListener
com.google.ads.mediation.customevent.CustomEventListener
com.google.ads.mediation.customevent.CustomEventServerParameters
com.google.ads.searchads.SearchAdRequest:
    91:92:public void setQuery(java.lang.String)
    101:108:public void setBackgroundColor(int)
    120:127:public void setBackgroundGradient(int,int)
    137:138:public void setHeaderTextColor(int)
    148:149:public void setDescriptionTextColor(int)
    159:160:public void setAnchorTextColor(int)
    168:169:public void setFontFace(java.lang.String)
    178:179:public void setHeaderTextSize(int)
    189:190:public void setBorderColor(int)
    197:198:public void setBorderType(com.google.ads.searchads.SearchAdRequest$BorderType)
    207:208:public void setBorderThickness(int)
    215:216:public void setCustomChannels(java.lang.String)
com.google.ads.util.a:
    37:38:public static void a(boolean)
    53:55:public static void a(java.lang.Object)